<?xml version="1.0" encoding="UTF-8"?>
<testng-results ignored="0" total="1" passed="1" failed="0" skipped="0">
  <reporter-output>
  </reporter-output>
  <suite started-at="2022-07-06T18:53:44 IST" name="Default suite" finished-at="2022-07-06T18:53:44 IST" duration-ms="140">
    <groups>
    </groups>
    <test started-at="2022-07-06T18:53:44 IST" name="Default test" finished-at="2022-07-06T18:53:44 IST" duration-ms="140">
      <class name="Demo.Test1">
        <test-method signature="m1()[pri:0, instance:Demo.Test1@26e356f0]" started-at="2022-07-06T18:53:44 IST" name="m1" finished-at="2022-07-06T18:53:44 IST" duration-ms="21" status="PASS">
          <reporter-output>
          </reporter-output>
        </test-method> <!-- m1 -->
      </class> <!-- Demo.Test1 -->
    </test> <!-- Default test -->
  </suite> <!-- Default suite -->
</testng-results>
